#-----------------------------------------------------------
# Vivado v2024.2 (64-bit)
# SW Build 5239630 on Fri Nov 08 22:35:27 MST 2024
# IP Build 5239520 on Sun Nov 10 16:12:51 MST 2024
# SharedData Build 5239561 on Fri Nov 08 14:39:27 MST 2024
# Start of session at: Sat Mar  8 20:55:31 2025
# Process ID         : 6184
# Current directory  : E:/Datum/Computer_Architecture_Project/project_1
# Command line       : vivado.exe -gui_launcher_event rodinguilauncherevent24636 E:\Datum\Computer_Architecture_Project\project_1\project_1.xpr
# Log file           : E:/Datum/Computer_Architecture_Project/project_1/vivado.log
# Journal file       : E:/Datum/Computer_Architecture_Project/project_1\vivado.jou
# Running On         : DESKTOP-QBI20TU
# Platform           : Windows Server 2016 or Windows 10
# Operating System   : 26100
# Processor Detail   : 12th Gen Intel(R) Core(TM) i5-12600K
# CPU Frequency      : 3686 MHz
# CPU Physical cores : 10
# CPU Logical cores  : 16
# Host memory        : 16983 MB
# Swap memory        : 2080 MB
# Total Virtual      : 19064 MB
# Available Virtual  : 2846 MB
#-----------------------------------------------------------
start_gui
open_project E:/Datum/Computer_Architecture_Project/project_1/project_1.xpr
INFO: [filemgmt 56-3] Default IP Output Path : Could not find the directory 'E:/Datum/Computer_Architecture_Project/project_1/project_1.gen/sources_1'.
Scanning sources...
Finished scanning sources
INFO: [IP_Flow 19-234] Refreshing IP repositories
INFO: [IP_Flow 19-1704] No user IP repositories specified
INFO: [IP_Flow 19-2313] Loaded Vivado IP repository 'E:/Application/VIVADO/Vivado/2024.2/data/ip'.
update_compile_order -fileset sources_1
synth_design -rtl -rtl_skip_mlo -name rtl_1
Command: synth_design -rtl -rtl_skip_mlo -name rtl_1
Starting synth_design
Using part: xc7a35tcpg236-1
Top: top
INFO: [Device 21-403] Loading part xc7a35tcpg236-1
INFO: [Synth 8-7079] Multithreading enabled for synth_design using a maximum of 2 processes.
INFO: [Synth 8-7078] Launching helper process for spawning children vivado processes
INFO: [Synth 8-7075] Helper process launched with PID 4892
INFO: [Common 17-41] Interrupt caught. Command should exit soon.
INFO: [Common 17-344] 'source' was cancelled
6 Infos, 0 Warnings, 0 Critical Warnings and 0 Errors encountered.
synth_design completed successfully
synth_design: Time (s): cpu = 00:00:06 ; elapsed = 00:00:12 . Memory (MB): peak = 1731.309 ; gain = 596.445
INFO: [Common 17-344] 'synth_design' was cancelled
add_files -norecurse E:/Datum/Computer_Architecture_Project/sample/step_into_mips/src/lab_1_1/display.v
update_compile_order -fileset sources_1
update_compile_order -fileset sources_1
add_files -norecurse E:/Datum/Computer_Architecture_Project/sample/step_into_mips/src/lab_1_1/seg7.v
update_compile_order -fileset sources_1
remove_files  E:/Datum/Computer_Architecture_Project/sample/step_into_mips/src/lab_1_1/display.v
update_compile_order -fileset sources_1
update_compile_order -fileset sources_1
remove_files  E:/Datum/Computer_Architecture_Project/sample/step_into_mips/src/lab_1_1/seg7.v
update_compile_order -fileset sources_1
exit
INFO: [Common 17-206] Exiting Vivado at Sat Mar  8 23:42:31 2025...
