#-----------------------------------------------------------
# Vivado v2024.2 (64-bit)
# SW Build 5239630 on Fri Nov 08 22:35:27 MST 2024
# IP Build 5239520 on Sun Nov 10 16:12:51 MST 2024
# SharedData Build 5239561 on Fri Nov 08 14:39:27 MST 2024
# Start of session at: Sat Mar  8 16:10:55 2025
# Process ID         : 6480
# Current directory  : E:/Datum/Computer_Architecture_Project/project_1
# Command line       : vivado.exe -gui_launcher_event rodinguilauncherevent19232 E:\Datum\Computer_Architecture_Project\project_1\project_1.xpr
# Log file           : E:/Datum/Computer_Architecture_Project/project_1/vivado.log
# Journal file       : E:/Datum/Computer_Architecture_Project/project_1\vivado.jou
# Running On         : DESKTOP-QBI20TU
# Platform           : Windows Server 2016 or Windows 10
# Operating System   : 26100
# Processor Detail   : 12th Gen Intel(R) Core(TM) i5-12600K
# CPU Frequency      : 3686 MHz
# CPU Physical cores : 10
# CPU Logical cores  : 16
# Host memory        : 16983 MB
# Swap memory        : 2080 MB
# Total Virtual      : 19064 MB
# Available Virtual  : 6704 MB
#-----------------------------------------------------------
start_gui
open_project E:/Datum/Computer_Architecture_Project/project_1/project_1.xpr
INFO: [filemgmt 56-3] Default IP Output Path : Could not find the directory 'E:/Datum/Computer_Architecture_Project/project_1/project_1.gen/sources_1'.
Scanning sources...
Finished scanning sources
INFO: [IP_Flow 19-234] Refreshing IP repositories
INFO: [IP_Flow 19-1704] No user IP repositories specified
INFO: [IP_Flow 19-2313] Loaded Vivado IP repository 'E:/Application/VIVADO/Vivado/2024.2/data/ip'.
close [ open E:/Datum/Computer_Architecture_Project/file/top.v w ]
add_files E:/Datum/Computer_Architecture_Project/file/top.v
update_compile_order -fileset sources_1
close [ open E:/Datum/Computer_Architecture_Project/file/alu.v w ]
add_files E:/Datum/Computer_Architecture_Project/file/alu.v
update_compile_order -fileset sources_1
ERROR: [Vivado 12-106] *** Exception: java.lang.NullPointerException: Cannot invoke "java.awt.event.MouseEvent.getX()" because "<parameter2>" is null (See E:/Datum/Computer_Architecture_Project/project_1/vivado_pid6480.debug)
exit
INFO: [Common 17-206] Exiting Vivado at Sat Mar  8 17:18:18 2025...
