Time resolution is 1 ps
Time: 10000
PC: 0000
Instruction: 3112
Reg_read1: 1
Reg_read1 or Write_reg: 1
Read_Data1: 0000
Read_Data2: 0000
leds: 0000
Sign_extend: 0002
ALU b selection: 1
ALU a: 0000
ALU b: 0002
ALU result: 0002
Write Data: 0002
Register r0: 0000
Register r1: 0000
Register r2: 0000
Register r3: 0000
Memory[0]: 0000
Memory[1]: 0000
Memory[2]: 0000
Memory[3]: 0000
----------------------
Time: 20000
PC: 0002
Instruction: 3224
Reg_read1: 2
Reg_read1 or Write_reg: 2
Read_Data1: 0000
Read_Data2: 0000
leds: 0000
Sign_extend: 0004
ALU b selection: 1
ALU a: 0000
ALU b: 0004
ALU result: 0004
Write Data: 0004
Register r0: 0000
Register r1: 0002
Register r2: 0000
Register r3: 0000
Memory[0]: 0000
Memory[1]: 0000
Memory[2]: 0000
Memory[3]: 0000
----------------------
Time: 30000
PC: 0004
Instruction: 3337
Reg_read1: 3
Reg_read1 or Write_reg: 3
Read_Data1: 0000
Read_Data2: 0000
leds: 0000
Sign_extend: 0007
ALU b selection: 1
ALU a: 0000
ALU b: 0007
ALU result: 0007
Write Data: 0007
Register r0: 0000
Register r1: 0002
Register r2: 0004
Register r3: 0000
Memory[0]: 0000
Memory[1]: 0000
Memory[2]: 0000
Memory[3]: 0000
----------------------
Time: 40000
PC: 0006
Instruction: 0210
Reg_read1: 1
Reg_read1 or Write_reg: 2
Read_Data1: 0002
Read_Data2: 0004
leds: 0004
Sign_extend: 0000
ALU b selection: 0
ALU a: 0002
ALU b: 0004
ALU result: 0006
Write Data: 0006
Register r0: 0000
Register r1: 0002
Register r2: 0004
Register r3: 0007
Memory[0]: 0000
Memory[1]: 0000
Memory[2]: 0000
Memory[3]: 0000
----------------------
Time: 50000
PC: 0008
Instruction: 0231
Reg_read1: 3
Reg_read1 or Write_reg: 2
Read_Data1: 0007
Read_Data2: 0006
leds: 0004
Sign_extend: 0001
ALU b selection: 0
ALU a: 0007
ALU b: 0006
ALU result: 0001
Write Data: 0001
Register r0: 0000
Register r1: 0002
Register r2: 0006
Register r3: 0007
Memory[0]: 0000
Memory[1]: 0000
Memory[2]: 0000
Memory[3]: 0000
----------------------
Time: 60000
PC: 000a
Instruction: 0212
Reg_read1: 1
Reg_read1 or Write_reg: 2
Read_Data1: 0002
Read_Data2: 0001
leds: 0006
Sign_extend: 0002
ALU b selection: 0
ALU a: 0002
ALU b: 0001
ALU result: 0004
Write Data: 0004
Register r0: 0000
Register r1: 0002
Register r2: 0001
Register r3: 0007
Memory[0]: 0000
Memory[1]: 0000
Memory[2]: 0000
Memory[3]: 0000
----------------------
Time: 70000
PC: 000c
Instruction: 0323
Reg_read1: 2
Reg_read1 or Write_reg: 3
Read_Data1: 0004
Read_Data2: 0007
leds: 0001
Sign_extend: 0003
ALU b selection: 0
ALU a: 0004
ALU b: 0007
ALU result: 0004
Write Data: 0004
Register r0: 0000
Register r1: 0002
Register r2: 0004
Register r3: 0007
Memory[0]: 0000
Memory[1]: 0000
Memory[2]: 0000
Memory[3]: 0000
----------------------
Time: 80000
PC: 000e
Instruction: 2121
Reg_read1: 2
Reg_read1 or Write_reg: 1
Read_Data1: 0004
Read_Data2: 0002
leds: 0004
Sign_extend: 0001
ALU b selection: 1
ALU a: 0004
ALU b: 0001
ALU result: 0005
Write Data: 0005
Register r0: 0000
Register r1: 0002
Register r2: 0004
Register r3: 0004
Memory[0]: 0000
Memory[1]: 0000
Memory[2]: 0000
Memory[3]: 0000
----------------------
Time: 90000
PC: 0010
Instruction: 1320
Reg_read1: 2
Reg_read1 or Write_reg: 3
Read_Data1: 0004
Read_Data2: 0004
leds: 0004
Sign_extend: 0000
ALU b selection: 1
ALU a: 0004
ALU b: 0000
ALU result: 0004
Write Data: 0002
Register r0: 0000
Register r1: 0002
Register r2: 0004
Register r3: 0004
Memory[0]: 0000
Memory[1]: 0000
Memory[2]: 0002
Memory[3]: 0000
----------------------
Time: 100000
PC: 0012
Instruction: 4131
Reg_read1: 3
Reg_read1 or Write_reg: 1
Read_Data1: 0002
Read_Data2: 0002
leds: 0004
Sign_extend: 0001
ALU b selection: 0
ALU a: 0002
ALU b: 0002
ALU result: 0000
Write Data: 0000
Register r0: 0000
Register r1: 0002
Register r2: 0004
Register r3: 0002
Memory[0]: 0000
Memory[1]: 0000
Memory[2]: 0002
Memory[3]: 0000
----------------------
Time: 110000
PC: 0016
Instruction: 3226
Reg_read1: 2
Reg_read1 or Write_reg: 2
Read_Data1: 0004
Read_Data2: 0004
leds: 0004
Sign_extend: 0006
ALU b selection: 1
ALU a: 0004
ALU b: 0006
ALU result: 000a
Write Data: 000a
Register r0: 0000
Register r1: 0002
Register r2: 0004
Register r3: 0002
Memory[0]: